c:\users\hoin8\desktop\project\winapi\gameclient\gameclient\debug\vc141.pdb
c:\users\hoin8\desktop\project\winapi\gameclient\gameclient\debug\vc141.idb
c:\users\hoin8\desktop\project\winapi\gameclient\gameclient\debug\canimation.obj
c:\users\hoin8\desktop\project\winapi\gameclient\gameclient\debug\cgame.obj
c:\users\hoin8\desktop\project\winapi\gameclient\gameclient\debug\cmain.obj
c:\users\hoin8\desktop\project\winapi\gameclient\gameclient\debug\cmainfw.obj
c:\users\hoin8\desktop\project\winapi\gameclient\gameclient\debug\cmenu.obj
c:\users\hoin8\desktop\project\winapi\gameclient\gameclient\debug\cplayer.obj
c:\users\hoin8\desktop\project\winapi\gameclient\gameclient\debug\cscenemanager.obj
c:\users\hoin8\desktop\project\winapi\gameclient\gameclient\debug\csprite.obj
c:\users\hoin8\desktop\project\winapi\gameclient\gameclient\debug\winmain.obj
c:\users\hoin8\desktop\project\winapi\gameclient\gameclient\debug\cblueobject.obj
c:\users\hoin8\desktop\project\winapi\gameclient\gameclient\debug\cgreenobject.obj
c:\users\hoin8\desktop\project\winapi\gameclient\gameclient\debug\credobject.obj
c:\users\hoin8\desktop\project\winapi\gameclient\gameclient\debug\cobject.obj
c:\users\hoin8\desktop\project\winapi\gameclient\gameclient\debug\background.obj
c:\users\hoin8\desktop\project\winapi\gameclient\gameclient\debug\cbackground.obj
c:\users\hoin8\desktop\project\winapi\gameclient\debug\gameclient.ilk
c:\users\hoin8\desktop\project\winapi\gameclient\debug\gameclient.exe
c:\users\hoin8\desktop\project\winapi\gameclient\debug\gameclient.pdb
c:\users\hoin8\desktop\project\winapi\gameclient\gameclient\debug\vc140.idb
c:\users\hoin8\desktop\project\winapi\gameclient\gameclient\debug\vc140.pdb
c:\users\hoin8\desktop\project\winapi\gameclient\gameclient\debug\gameclient.tlog\cl.command.1.tlog
c:\users\hoin8\desktop\project\winapi\gameclient\gameclient\debug\gameclient.tlog\cl.read.1.tlog
c:\users\hoin8\desktop\project\winapi\gameclient\gameclient\debug\gameclient.tlog\cl.write.1.tlog
c:\users\hoin8\desktop\project\winapi\gameclient\gameclient\debug\gameclient.tlog\link.command.1.tlog
c:\users\hoin8\desktop\project\winapi\gameclient\gameclient\debug\gameclient.tlog\link.delete.1.tlog
c:\users\hoin8\desktop\project\winapi\gameclient\gameclient\debug\gameclient.tlog\link.read.1.tlog
c:\users\hoin8\desktop\project\winapi\gameclient\gameclient\debug\gameclient.tlog\link.write.1.tlog
