  cWin.cpp
c:\users\hoin8\desktop\termproject\gameclient\gameclient\cmainfw.h(18): warning C4996: 'strcpy': This function or variable may be unsafe. Consider using strcpy_s instead. To disable deprecation, use _CRT_SECURE_NO_WARNINGS. See online help for details.
  c:\program files (x86)\windows kits\10\include\10.0.15063.0\ucrt\string.h(136): note: 'strcpy' 선언을 참조하십시오.
  cObject.cpp
c:\users\hoin8\desktop\termproject\gameclient\gameclient\cmainfw.h(18): warning C4996: 'strcpy': This function or variable may be unsafe. Consider using strcpy_s instead. To disable deprecation, use _CRT_SECURE_NO_WARNINGS. See online help for details.
  c:\program files (x86)\windows kits\10\include\10.0.15063.0\ucrt\string.h(136): note: 'strcpy' 선언을 참조하십시오.
  cPlayer.cpp
c:\users\hoin8\desktop\termproject\gameclient\gameclient\cmainfw.h(18): warning C4996: 'strcpy': This function or variable may be unsafe. Consider using strcpy_s instead. To disable deprecation, use _CRT_SECURE_NO_WARNINGS. See online help for details.
  c:\program files (x86)\windows kits\10\include\10.0.15063.0\ucrt\string.h(136): note: 'strcpy' 선언을 참조하십시오.
  cMenu.cpp
c:\users\hoin8\desktop\termproject\gameclient\gameclient\cmainfw.h(18): warning C4996: 'strcpy': This function or variable may be unsafe. Consider using strcpy_s instead. To disable deprecation, use _CRT_SECURE_NO_WARNINGS. See online help for details.
  c:\program files (x86)\windows kits\10\include\10.0.15063.0\ucrt\string.h(136): note: 'strcpy' 선언을 참조하십시오.
  cMainFw.cpp
c:\users\hoin8\desktop\termproject\gameclient\gameclient\cmainfw.h(18): warning C4996: 'strcpy': This function or variable may be unsafe. Consider using strcpy_s instead. To disable deprecation, use _CRT_SECURE_NO_WARNINGS. See online help for details.
  c:\program files (x86)\windows kits\10\include\10.0.15063.0\ucrt\string.h(136): note: 'strcpy' 선언을 참조하십시오.
  cMain.cpp
c:\users\hoin8\desktop\termproject\gameclient\gameclient\cmainfw.h(18): warning C4996: 'strcpy': This function or variable may be unsafe. Consider using strcpy_s instead. To disable deprecation, use _CRT_SECURE_NO_WARNINGS. See online help for details.
  c:\program files (x86)\windows kits\10\include\10.0.15063.0\ucrt\string.h(136): note: 'strcpy' 선언을 참조하십시오.
  cLose.cpp
c:\users\hoin8\desktop\termproject\gameclient\gameclient\cmainfw.h(18): warning C4996: 'strcpy': This function or variable may be unsafe. Consider using strcpy_s instead. To disable deprecation, use _CRT_SECURE_NO_WARNINGS. See online help for details.
  c:\program files (x86)\windows kits\10\include\10.0.15063.0\ucrt\string.h(136): note: 'strcpy' 선언을 참조하십시오.
  cGame.cpp
c:\users\hoin8\desktop\termproject\gameclient\gameclient\cmainfw.h(18): warning C4996: 'strcpy': This function or variable may be unsafe. Consider using strcpy_s instead. To disable deprecation, use _CRT_SECURE_NO_WARNINGS. See online help for details.
  c:\program files (x86)\windows kits\10\include\10.0.15063.0\ucrt\string.h(136): note: 'strcpy' 선언을 참조하십시오.
c:\users\hoin8\desktop\termproject\gameclient\gameclient\cgame.cpp(27): warning C4018: '<': signed 또는 unsigned가 일치하지 않습니다.
c:\users\hoin8\desktop\termproject\gameclient\gameclient\cgame.cpp(29): warning C4018: '<': signed 또는 unsigned가 일치하지 않습니다.
c:\users\hoin8\desktop\termproject\gameclient\gameclient\cgame.cpp(78): warning C4018: '<': signed 또는 unsigned가 일치하지 않습니다.
c:\users\hoin8\desktop\termproject\gameclient\gameclient\cgame.cpp(80): warning C4018: '<': signed 또는 unsigned가 일치하지 않습니다.
c:\users\hoin8\desktop\termproject\gameclient\gameclient\cgame.cpp(183): warning C4018: '<': signed 또는 unsigned가 일치하지 않습니다.
c:\users\hoin8\desktop\termproject\gameclient\gameclient\cgame.cpp(189): warning C4018: '<': signed 또는 unsigned가 일치하지 않습니다.
c:\users\hoin8\desktop\termproject\gameclient\gameclient\cgame.cpp(251): warning C4996: 'inet_addr': Use inet_pton() or InetPton() instead or define _WINSOCK_DEPRECATED_NO_WARNINGS to disable deprecated API warnings
  c:\program files (x86)\windows kits\10\include\10.0.15063.0\um\winsock2.h(1830): note: 'inet_addr' 선언을 참조하십시오.
  cEnd.cpp
c:\users\hoin8\desktop\termproject\gameclient\gameclient\cmainfw.h(18): warning C4996: 'strcpy': This function or variable may be unsafe. Consider using strcpy_s instead. To disable deprecation, use _CRT_SECURE_NO_WARNINGS. See online help for details.
  c:\program files (x86)\windows kits\10\include\10.0.15063.0\ucrt\string.h(136): note: 'strcpy' 선언을 참조하십시오.
  코드를 생성하고 있습니다...
  컴파일하고 있습니다...
  winMain.cpp
c:\users\hoin8\desktop\termproject\gameclient\gameclient\cmainfw.h(18): warning C4996: 'strcpy': This function or variable may be unsafe. Consider using strcpy_s instead. To disable deprecation, use _CRT_SECURE_NO_WARNINGS. See online help for details.
  c:\program files (x86)\windows kits\10\include\10.0.15063.0\ucrt\string.h(136): note: 'strcpy' 선언을 참조하십시오.
  cSprite.cpp
c:\users\hoin8\desktop\termproject\gameclient\gameclient\cmainfw.h(18): warning C4996: 'strcpy': This function or variable may be unsafe. Consider using strcpy_s instead. To disable deprecation, use _CRT_SECURE_NO_WARNINGS. See online help for details.
  c:\program files (x86)\windows kits\10\include\10.0.15063.0\ucrt\string.h(136): note: 'strcpy' 선언을 참조하십시오.
  cSceneManager.cpp
c:\users\hoin8\desktop\termproject\gameclient\gameclient\cscenemanager.cpp(10): warning C4018: '<': signed 또는 unsigned가 일치하지 않습니다.
  cHpMark.cpp
  cAnimation.cpp
c:\users\hoin8\desktop\termproject\gameclient\gameclient\cmainfw.h(18): warning C4996: 'strcpy': This function or variable may be unsafe. Consider using strcpy_s instead. To disable deprecation, use _CRT_SECURE_NO_WARNINGS. See online help for details.
  c:\program files (x86)\windows kits\10\include\10.0.15063.0\ucrt\string.h(136): note: 'strcpy' 선언을 참조하십시오.
  cBackGround.cpp
  코드를 생성하고 있습니다...
  GameClient.vcxproj -> C:\Users\hoin8\Desktop\TermProject\GameClient\Debug\GameClient.exe
  GameClient.vcxproj -> C:\Users\hoin8\Desktop\TermProject\GameClient\Debug\GameClient.pdb (Partial PDB)
