  Main.cpp
d:\3학년2학기\넷겜플\termproject\termprojectserver\termprojectserver\main.cpp(129): warning C4244: '초기화 중': 'float'에서 '__int64'(으)로 변환하면서 데이터가 손실될 수 있습니다.
d:\3학년2학기\넷겜플\termproject\termprojectserver\termprojectserver\main.cpp(96): warning C4996: 'inet_ntoa': Use inet_ntop() or InetNtop() instead or define _WINSOCK_DEPRECATED_NO_WARNINGS to disable deprecated API warnings
  c:\program files (x86)\windows kits\10\include\10.0.17134.0\um\winsock2.h(1848): note: 'inet_ntoa' 선언을 참조하십시오.
d:\3학년2학기\넷겜플\termproject\termprojectserver\termprojectserver\main.cpp(164): warning C4996: 'inet_ntoa': Use inet_ntop() or InetNtop() instead or define _WINSOCK_DEPRECATED_NO_WARNINGS to disable deprecated API warnings
  c:\program files (x86)\windows kits\10\include\10.0.17134.0\um\winsock2.h(1848): note: 'inet_ntoa' 선언을 참조하십시오.
d:\3학년2학기\넷겜플\termproject\termprojectserver\termprojectserver\main.cpp(247): warning C4018: '<': signed 또는 unsigned가 일치하지 않습니다.
d:\3학년2학기\넷겜플\termproject\termprojectserver\termprojectserver\main.cpp(221): warning C4996: 'inet_ntoa': Use inet_ntop() or InetNtop() instead or define _WINSOCK_DEPRECATED_NO_WARNINGS to disable deprecated API warnings
  c:\program files (x86)\windows kits\10\include\10.0.17134.0\um\winsock2.h(1848): note: 'inet_ntoa' 선언을 참조하십시오.
d:\3학년2학기\넷겜플\termproject\termprojectserver\termprojectserver\main.cpp(262): warning C4996: 'sprintf': This function or variable may be unsafe. Consider using sprintf_s instead. To disable deprecation, use _CRT_SECURE_NO_WARNINGS. See online help for details.
  c:\program files (x86)\windows kits\10\include\10.0.17134.0\ucrt\stdio.h(1774): note: 'sprintf' 선언을 참조하십시오.
d:\3학년2학기\넷겜플\termproject\termprojectserver\termprojectserver\main.cpp(309): warning C4018: '<': signed 또는 unsigned가 일치하지 않습니다.
d:\3학년2학기\넷겜플\termproject\termprojectserver\termprojectserver\main.cpp(313): warning C4018: '<': signed 또는 unsigned가 일치하지 않습니다.
d:\3학년2학기\넷겜플\termproject\termprojectserver\termprojectserver\main.cpp(320): warning C4018: '<': signed 또는 unsigned가 일치하지 않습니다.
d:\3학년2학기\넷겜플\termproject\termprojectserver\termprojectserver\main.cpp(324): warning C4018: '<': signed 또는 unsigned가 일치하지 않습니다.
d:\3학년2학기\넷겜플\termproject\termprojectserver\termprojectserver\main.cpp(410): warning C4018: '<': signed 또는 unsigned가 일치하지 않습니다.
d:\3학년2학기\넷겜플\termproject\termprojectserver\termprojectserver\main.cpp(443): warning C4018: '<': signed 또는 unsigned가 일치하지 않습니다.
d:\3학년2학기\넷겜플\termproject\termprojectserver\termprojectserver\main.cpp(478): warning C4018: '<': signed 또는 unsigned가 일치하지 않습니다.
d:\3학년2학기\넷겜플\termproject\termprojectserver\termprojectserver\main.cpp(487): warning C4018: '<': signed 또는 unsigned가 일치하지 않습니다.
d:\3학년2학기\넷겜플\termproject\termprojectserver\termprojectserver\main.cpp(499): warning C4018: '<': signed 또는 unsigned가 일치하지 않습니다.
d:\3학년2학기\넷겜플\termproject\termprojectserver\termprojectserver\main.cpp(508): warning C4018: '<': signed 또는 unsigned가 일치하지 않습니다.
  TermProjectServer.vcxproj -> D:\3학년2학기\넷겜플\TermProject\TermProjectServer\Release\TermProjectServer.exe
