  Main.cpp
c:\users\hoin8\desktop\termproject\termprojectserver\termprojectserver\main.cpp(131): warning C4244: '초기화 중': 'float'에서 '__int64'(으)로 변환하면서 데이터가 손실될 수 있습니다.
c:\users\hoin8\desktop\termproject\termprojectserver\termprojectserver\main.cpp(98): warning C4996: 'inet_ntoa': Use inet_ntop() or InetNtop() instead or define _WINSOCK_DEPRECATED_NO_WARNINGS to disable deprecated API warnings
  c:\program files (x86)\windows kits\10\include\10.0.15063.0\um\winsock2.h(1848): note: 'inet_ntoa' 선언을 참조하십시오.
c:\users\hoin8\desktop\termproject\termprojectserver\termprojectserver\main.cpp(166): warning C4996: 'inet_ntoa': Use inet_ntop() or InetNtop() instead or define _WINSOCK_DEPRECATED_NO_WARNINGS to disable deprecated API warnings
  c:\program files (x86)\windows kits\10\include\10.0.15063.0\um\winsock2.h(1848): note: 'inet_ntoa' 선언을 참조하십시오.
c:\users\hoin8\desktop\termproject\termprojectserver\termprojectserver\main.cpp(249): warning C4018: '<': signed 또는 unsigned가 일치하지 않습니다.
c:\users\hoin8\desktop\termproject\termprojectserver\termprojectserver\main.cpp(223): warning C4996: 'inet_ntoa': Use inet_ntop() or InetNtop() instead or define _WINSOCK_DEPRECATED_NO_WARNINGS to disable deprecated API warnings
  c:\program files (x86)\windows kits\10\include\10.0.15063.0\um\winsock2.h(1848): note: 'inet_ntoa' 선언을 참조하십시오.
c:\users\hoin8\desktop\termproject\termprojectserver\termprojectserver\main.cpp(264): warning C4996: 'sprintf': This function or variable may be unsafe. Consider using sprintf_s instead. To disable deprecation, use _CRT_SECURE_NO_WARNINGS. See online help for details.
  c:\program files (x86)\windows kits\10\include\10.0.15063.0\ucrt\stdio.h(1772): note: 'sprintf' 선언을 참조하십시오.
c:\users\hoin8\desktop\termproject\termprojectserver\termprojectserver\main.cpp(311): warning C4018: '<': signed 또는 unsigned가 일치하지 않습니다.
c:\users\hoin8\desktop\termproject\termprojectserver\termprojectserver\main.cpp(315): warning C4018: '<': signed 또는 unsigned가 일치하지 않습니다.
c:\users\hoin8\desktop\termproject\termprojectserver\termprojectserver\main.cpp(322): warning C4018: '<': signed 또는 unsigned가 일치하지 않습니다.
c:\users\hoin8\desktop\termproject\termprojectserver\termprojectserver\main.cpp(326): warning C4018: '<': signed 또는 unsigned가 일치하지 않습니다.
c:\users\hoin8\desktop\termproject\termprojectserver\termprojectserver\main.cpp(412): warning C4018: '<': signed 또는 unsigned가 일치하지 않습니다.
c:\users\hoin8\desktop\termproject\termprojectserver\termprojectserver\main.cpp(445): warning C4018: '<': signed 또는 unsigned가 일치하지 않습니다.
c:\users\hoin8\desktop\termproject\termprojectserver\termprojectserver\main.cpp(480): warning C4018: '<': signed 또는 unsigned가 일치하지 않습니다.
c:\users\hoin8\desktop\termproject\termprojectserver\termprojectserver\main.cpp(489): warning C4018: '<': signed 또는 unsigned가 일치하지 않습니다.
c:\users\hoin8\desktop\termproject\termprojectserver\termprojectserver\main.cpp(501): warning C4018: '<': signed 또는 unsigned가 일치하지 않습니다.
c:\users\hoin8\desktop\termproject\termprojectserver\termprojectserver\main.cpp(510): warning C4018: '<': signed 또는 unsigned가 일치하지 않습니다.
  TermProjectServer.vcxproj -> C:\Users\hoin8\Desktop\TermProject\TermProjectServer\Debug\TermProjectServer.exe
  TermProjectServer.vcxproj -> C:\Users\hoin8\Desktop\TermProject\TermProjectServer\Debug\TermProjectServer.pdb (Partial PDB)
